<?xml version="1.0" encoding="UTF-8"?>
<!-- Generated by org.testng.reporters.JUnitReportReporter -->
<testsuite hostname="DESKTOP-MDSEOLU" failures="0" tests="5" name="seleniumclass.TestClassPriority$TestClass2" time="0.117" errors="0" timestamp="2024-06-04T14:10:03 IST" skipped="0">
  <testcase classname="seleniumclass.TestClassPriority$TestClass2" name="test1" time="0.036"/>
  <testcase classname="seleniumclass.TestClassPriority$TestClass2" name="b1" time="0.044"/>
  <testcase classname="seleniumclass.TestClassPriority$TestClass2" name="b" time="0.018"/>
  <testcase classname="seleniumclass.TestClassPriority$TestClass2" name="test2" time="0.009"/>
  <testcase classname="seleniumclass.TestClassPriority$TestClass2" name="a" time="0.010"/>
</testsuite> <!-- seleniumclass.TestClassPriority$TestClass2 -->
