<?xml version="1.0" encoding="UTF-8"?>
<!-- Generated by org.testng.reporters.JUnitReportReporter -->
<testsuite hostname="DESKTOP-MDSEOLU" failures="0" tests="3" name="seleniumclass.TestClass2" time="0.159" errors="0" timestamp="2024-06-04T14:10:03 IST" skipped="0">
  <testcase classname="seleniumclass.TestClass2" name="a" time="0.065"/>
  <testcase classname="seleniumclass.TestClass2" name="test2" time="0.010"/>
  <testcase classname="seleniumclass.TestClass2" name="test1" time="0.084"/>
</testsuite> <!-- seleniumclass.TestClass2 -->
