<?xml version="1.0" encoding="UTF-8"?>
<!-- Generated by org.testng.reporters.JUnitReportReporter -->
<testsuite hostname="DESKTOP-MDSEOLU" failures="0" tests="1" name="seleniumclass.Assertion1" time="23.974" errors="0" timestamp="2024-06-09T13:09:27 IST" skipped="0">
  <testcase classname="seleniumclass.Assertion1" name="validateTextOnLandingPage" time="23.974"/>
</testsuite> <!-- seleniumclass.Assertion1 -->
