<?xml version="1.0" encoding="UTF-8"?>
<!-- Generated by org.testng.reporters.JUnitReportReporter -->
<testsuite hostname="DESKTOP-MDSEOLU" failures="0" tests="3" name="seleniumclass.TestClass3$TestClass2" time="0.076" errors="0" timestamp="2024-06-04T14:10:03 IST" skipped="0">
  <testcase classname="seleniumclass.TestClass3$TestClass2" name="a" time="0.041"/>
  <testcase classname="seleniumclass.TestClass3$TestClass2" name="test2" time="0.023"/>
  <testcase classname="seleniumclass.TestClass3$TestClass2" name="test1" time="0.012"/>
</testsuite> <!-- seleniumclass.TestClass3$TestClass2 -->
