<?xml version="1.0" encoding="UTF-8"?>
<!-- Generated by org.testng.reporters.JUnitReportReporter -->
<testsuite hostname="DESKTOP-MDSEOLU" failures="0" tests="1" name="tests.NaukriLoginTest" time="42.469" errors="0" timestamp="2024-06-10T16:34:29 IST" skipped="0">
  <testcase classname="tests.NaukriLoginTest" name="testregistertab" time="42.469"/>
</testsuite> <!-- tests.NaukriLoginTest -->
