<?xml version="1.0" encoding="UTF-8"?>
<!-- Generated by org.testng.reporters.JUnitReportReporter -->
<testsuite hostname="DESKTOP-MDSEOLU" failures="0" tests="1" name="seleniumclass.TestClass" time="0.042" errors="0" timestamp="2024-06-04T14:10:03 IST" skipped="0">
  <testcase classname="seleniumclass.TestClass" name="test" time="0.042"/>
</testsuite> <!-- seleniumclass.TestClass -->
