<?xml version="1.0" encoding="UTF-8"?>
<!-- Generated by org.testng.reporters.JUnitReportReporter -->
<testsuite hostname="DESKTOP-MDSEOLU" failures="0" tests="2" name="TestNGGroup.TestngGroup1" time="0.029" errors="0" timestamp="2024-06-09T12:18:07 IST" skipped="0">
  <testcase classname="TestNGGroup.TestngGroup1" name="test1" time="0.022"/>
  <testcase classname="TestNGGroup.TestngGroup1" name="test3" time="0.007"/>
</testsuite> <!-- TestNGGroup.TestngGroup1 -->
